<?xml version="1.0" encoding="UTF-8"?>
<testsuite xmlns:xsi="http://www.w3.org/2001/XMLSchema-instance" xsi:noNamespaceSchemaLocation="https://maven.apache.org/surefire/maven-surefire-plugin/xsd/surefire-test-report-3.0.xsd" version="3.0" name="no.hvl.dat152.rest.ws.main.test.TestOrder" time="9.422" tests="4" errors="0" skipped="0" failures="0">
  <properties>
    <property name="java.specification.version" value="17"/>
    <property name="sun.jnu.encoding" value="UTF-8"/>
    <property name="java.class.path" value="/Users/tdoy/eclipse-workspace-jee-202308/library-spring-ws-rest-security/target/test-classes:/Users/tdoy/eclipse-workspace-jee-202308/library-spring-ws-rest-security/target/classes:/Users/tdoy/.m2/repository/org/springframework/boot/spring-boot-starter-web/3.1.0/spring-boot-starter-web-3.1.0.jar:/Users/tdoy/.m2/repository/org/springframework/boot/spring-boot-starter/3.1.0/spring-boot-starter-3.1.0.jar:/Users/tdoy/.m2/repository/org/springframework/boot/spring-boot/3.1.0/spring-boot-3.1.0.jar:/Users/tdoy/.m2/repository/org/springframework/boot/spring-boot-autoconfigure/3.1.0/spring-boot-autoconfigure-3.1.0.jar:/Users/tdoy/.m2/repository/org/springframework/boot/spring-boot-starter-logging/3.1.0/spring-boot-starter-logging-3.1.0.jar:/Users/tdoy/.m2/repository/ch/qos/logback/logback-classic/1.4.7/logback-classic-1.4.7.jar:/Users/tdoy/.m2/repository/ch/qos/logback/logback-core/1.4.7/logback-core-1.4.7.jar:/Users/tdoy/.m2/repository/org/apache/logging/log4j/log4j-to-slf4j/2.20.0/log4j-to-slf4j-2.20.0.jar:/Users/tdoy/.m2/repository/org/apache/logging/log4j/log4j-api/2.20.0/log4j-api-2.20.0.jar:/Users/tdoy/.m2/repository/org/slf4j/jul-to-slf4j/2.0.7/jul-to-slf4j-2.0.7.jar:/Users/tdoy/.m2/repository/jakarta/annotation/jakarta.annotation-api/2.1.1/jakarta.annotation-api-2.1.1.jar:/Users/tdoy/.m2/repository/org/yaml/snakeyaml/1.33/snakeyaml-1.33.jar:/Users/tdoy/.m2/repository/org/springframework/boot/spring-boot-starter-json/3.1.0/spring-boot-starter-json-3.1.0.jar:/Users/tdoy/.m2/repository/com/fasterxml/jackson/datatype/jackson-datatype-jdk8/2.15.0/jackson-datatype-jdk8-2.15.0.jar:/Users/tdoy/.m2/repository/com/fasterxml/jackson/datatype/jackson-datatype-jsr310/2.15.0/jackson-datatype-jsr310-2.15.0.jar:/Users/tdoy/.m2/repository/com/fasterxml/jackson/module/jackson-module-parameter-names/2.15.0/jackson-module-parameter-names-2.15.0.jar:/Users/tdoy/.m2/repository/org/springframework/boot/spring-boot-starter-tomcat/3.1.0/spring-boot-starter-tomcat-3.1.0.jar:/Users/tdoy/.m2/repository/org/apache/tomcat/embed/tomcat-embed-core/10.1.8/tomcat-embed-core-10.1.8.jar:/Users/tdoy/.m2/repository/org/apache/tomcat/embed/tomcat-embed-websocket/10.1.8/tomcat-embed-websocket-10.1.8.jar:/Users/tdoy/.m2/repository/org/springframework/spring-web/6.0.9/spring-web-6.0.9.jar:/Users/tdoy/.m2/repository/org/springframework/spring-beans/6.0.9/spring-beans-6.0.9.jar:/Users/tdoy/.m2/repository/io/micrometer/micrometer-observation/1.11.0/micrometer-observation-1.11.0.jar:/Users/tdoy/.m2/repository/io/micrometer/micrometer-commons/1.11.0/micrometer-commons-1.11.0.jar:/Users/tdoy/.m2/repository/org/springframework/spring-webmvc/6.0.9/spring-webmvc-6.0.9.jar:/Users/tdoy/.m2/repository/org/springframework/spring-context/6.0.9/spring-context-6.0.9.jar:/Users/tdoy/.m2/repository/org/springframework/spring-expression/6.0.9/spring-expression-6.0.9.jar:/Users/tdoy/.m2/repository/org/springframework/boot/spring-boot-starter-data-jpa/3.1.0/spring-boot-starter-data-jpa-3.1.0.jar:/Users/tdoy/.m2/repository/org/springframework/boot/spring-boot-starter-aop/3.1.0/spring-boot-starter-aop-3.1.0.jar:/Users/tdoy/.m2/repository/org/aspectj/aspectjweaver/1.9.19/aspectjweaver-1.9.19.jar:/Users/tdoy/.m2/repository/org/springframework/boot/spring-boot-starter-jdbc/3.1.0/spring-boot-starter-jdbc-3.1.0.jar:/Users/tdoy/.m2/repository/com/zaxxer/HikariCP/5.0.1/HikariCP-5.0.1.jar:/Users/tdoy/.m2/repository/org/springframework/spring-jdbc/6.0.9/spring-jdbc-6.0.9.jar:/Users/tdoy/.m2/repository/org/hibernate/orm/hibernate-core/6.2.2.Final/hibernate-core-6.2.2.Final.jar:/Users/tdoy/.m2/repository/jakarta/persistence/jakarta.persistence-api/3.1.0/jakarta.persistence-api-3.1.0.jar:/Users/tdoy/.m2/repository/jakarta/transaction/jakarta.transaction-api/2.0.1/jakarta.transaction-api-2.0.1.jar:/Users/tdoy/.m2/repository/org/jboss/logging/jboss-logging/3.5.0.Final/jboss-logging-3.5.0.Final.jar:/Users/tdoy/.m2/repository/org/hibernate/common/hibernate-commons-annotations/6.0.6.Final/hibernate-commons-annotations-6.0.6.Final.jar:/Users/tdoy/.m2/repository/io/smallrye/jandex/3.0.5/jandex-3.0.5.jar:/Users/tdoy/.m2/repository/com/fasterxml/classmate/1.5.1/classmate-1.5.1.jar:/Users/tdoy/.m2/repository/net/bytebuddy/byte-buddy/1.14.4/byte-buddy-1.14.4.jar:/Users/tdoy/.m2/repository/org/glassfish/jaxb/jaxb-runtime/4.0.2/jaxb-runtime-4.0.2.jar:/Users/tdoy/.m2/repository/org/glassfish/jaxb/jaxb-core/4.0.2/jaxb-core-4.0.2.jar:/Users/tdoy/.m2/repository/org/eclipse/angus/angus-activation/2.0.0/angus-activation-2.0.0.jar:/Users/tdoy/.m2/repository/org/glassfish/jaxb/txw2/4.0.2/txw2-4.0.2.jar:/Users/tdoy/.m2/repository/com/sun/istack/istack-commons-runtime/4.1.1/istack-commons-runtime-4.1.1.jar:/Users/tdoy/.m2/repository/jakarta/inject/jakarta.inject-api/2.0.1/jakarta.inject-api-2.0.1.jar:/Users/tdoy/.m2/repository/org/antlr/antlr4-runtime/4.10.1/antlr4-runtime-4.10.1.jar:/Users/tdoy/.m2/repository/org/springframework/data/spring-data-jpa/3.1.0/spring-data-jpa-3.1.0.jar:/Users/tdoy/.m2/repository/org/springframework/data/spring-data-commons/3.1.0/spring-data-commons-3.1.0.jar:/Users/tdoy/.m2/repository/org/springframework/spring-orm/6.0.9/spring-orm-6.0.9.jar:/Users/tdoy/.m2/repository/org/springframework/spring-tx/6.0.9/spring-tx-6.0.9.jar:/Users/tdoy/.m2/repository/org/slf4j/slf4j-api/2.0.7/slf4j-api-2.0.7.jar:/Users/tdoy/.m2/repository/org/springframework/spring-aspects/6.0.9/spring-aspects-6.0.9.jar:/Users/tdoy/.m2/repository/org/springframework/boot/spring-boot-starter-security/3.1.0/spring-boot-starter-security-3.1.0.jar:/Users/tdoy/.m2/repository/org/springframework/spring-aop/6.0.9/spring-aop-6.0.9.jar:/Users/tdoy/.m2/repository/org/springframework/security/spring-security-config/6.1.0/spring-security-config-6.1.0.jar:/Users/tdoy/.m2/repository/org/springframework/security/spring-security-core/6.1.0/spring-security-core-6.1.0.jar:/Users/tdoy/.m2/repository/org/springframework/security/spring-security-crypto/6.1.0/spring-security-crypto-6.1.0.jar:/Users/tdoy/.m2/repository/org/springframework/security/spring-security-web/6.1.0/spring-security-web-6.1.0.jar:/Users/tdoy/.m2/repository/com/h2database/h2/2.1.214/h2-2.1.214.jar:/Users/tdoy/.m2/repository/org/springframework/boot/spring-boot-starter-test/3.1.0/spring-boot-starter-test-3.1.0.jar:/Users/tdoy/.m2/repository/org/springframework/boot/spring-boot-test/3.1.0/spring-boot-test-3.1.0.jar:/Users/tdoy/.m2/repository/org/springframework/boot/spring-boot-test-autoconfigure/3.1.0/spring-boot-test-autoconfigure-3.1.0.jar:/Users/tdoy/.m2/repository/com/jayway/jsonpath/json-path/2.8.0/json-path-2.8.0.jar:/Users/tdoy/.m2/repository/jakarta/xml/bind/jakarta.xml.bind-api/4.0.0/jakarta.xml.bind-api-4.0.0.jar:/Users/tdoy/.m2/repository/jakarta/activation/jakarta.activation-api/2.1.2/jakarta.activation-api-2.1.2.jar:/Users/tdoy/.m2/repository/net/minidev/json-smart/2.4.10/json-smart-2.4.10.jar:/Users/tdoy/.m2/repository/net/minidev/accessors-smart/2.4.9/accessors-smart-2.4.9.jar:/Users/tdoy/.m2/repository/org/ow2/asm/asm/9.3/asm-9.3.jar:/Users/tdoy/.m2/repository/org/assertj/assertj-core/3.24.2/assertj-core-3.24.2.jar:/Users/tdoy/.m2/repository/org/hamcrest/hamcrest/2.2/hamcrest-2.2.jar:/Users/tdoy/.m2/repository/org/junit/jupiter/junit-jupiter/5.9.3/junit-jupiter-5.9.3.jar:/Users/tdoy/.m2/repository/org/junit/jupiter/junit-jupiter-api/5.9.3/junit-jupiter-api-5.9.3.jar:/Users/tdoy/.m2/repository/org/opentest4j/opentest4j/1.2.0/opentest4j-1.2.0.jar:/Users/tdoy/.m2/repository/org/junit/platform/junit-platform-commons/1.9.3/junit-platform-commons-1.9.3.jar:/Users/tdoy/.m2/repository/org/apiguardian/apiguardian-api/1.1.2/apiguardian-api-1.1.2.jar:/Users/tdoy/.m2/repository/org/junit/jupiter/junit-jupiter-params/5.9.3/junit-jupiter-params-5.9.3.jar:/Users/tdoy/.m2/repository/org/junit/jupiter/junit-jupiter-engine/5.9.3/junit-jupiter-engine-5.9.3.jar:/Users/tdoy/.m2/repository/org/junit/platform/junit-platform-engine/1.9.3/junit-platform-engine-1.9.3.jar:/Users/tdoy/.m2/repository/org/mockito/mockito-core/5.3.1/mockito-core-5.3.1.jar:/Users/tdoy/.m2/repository/net/bytebuddy/byte-buddy-agent/1.14.4/byte-buddy-agent-1.14.4.jar:/Users/tdoy/.m2/repository/org/objenesis/objenesis/3.3/objenesis-3.3.jar:/Users/tdoy/.m2/repository/org/mockito/mockito-junit-jupiter/5.3.1/mockito-junit-jupiter-5.3.1.jar:/Users/tdoy/.m2/repository/org/skyscreamer/jsonassert/1.5.1/jsonassert-1.5.1.jar:/Users/tdoy/.m2/repository/com/vaadin/external/google/android-json/0.0.20131108.vaadin1/android-json-0.0.20131108.vaadin1.jar:/Users/tdoy/.m2/repository/org/springframework/spring-core/6.0.9/spring-core-6.0.9.jar:/Users/tdoy/.m2/repository/org/springframework/spring-jcl/6.0.9/spring-jcl-6.0.9.jar:/Users/tdoy/.m2/repository/org/springframework/spring-test/6.0.9/spring-test-6.0.9.jar:/Users/tdoy/.m2/repository/org/xmlunit/xmlunit-core/2.9.1/xmlunit-core-2.9.1.jar:/Users/tdoy/.m2/repository/org/springframework/boot/spring-boot-starter-hateoas/3.1.0/spring-boot-starter-hateoas-3.1.0.jar:/Users/tdoy/.m2/repository/org/springframework/hateoas/spring-hateoas/2.1.0/spring-hateoas-2.1.0.jar:/Users/tdoy/.m2/repository/org/springframework/plugin/spring-plugin-core/3.0.0/spring-plugin-core-3.0.0.jar:/Users/tdoy/.m2/repository/io/jsonwebtoken/jjwt-api/0.11.5/jjwt-api-0.11.5.jar:/Users/tdoy/.m2/repository/io/jsonwebtoken/jjwt-impl/0.11.5/jjwt-impl-0.11.5.jar:/Users/tdoy/.m2/repository/io/jsonwebtoken/jjwt-jackson/0.11.5/jjwt-jackson-0.11.5.jar:/Users/tdoy/.m2/repository/com/fasterxml/jackson/core/jackson-databind/2.15.0/jackson-databind-2.15.0.jar:/Users/tdoy/.m2/repository/com/fasterxml/jackson/core/jackson-annotations/2.15.0/jackson-annotations-2.15.0.jar:/Users/tdoy/.m2/repository/com/fasterxml/jackson/core/jackson-core/2.15.0/jackson-core-2.15.0.jar:/Users/tdoy/.m2/repository/org/springframework/boot/spring-boot-starter-validation/3.1.0/spring-boot-starter-validation-3.1.0.jar:/Users/tdoy/.m2/repository/org/apache/tomcat/embed/tomcat-embed-el/10.1.8/tomcat-embed-el-10.1.8.jar:/Users/tdoy/.m2/repository/org/hibernate/validator/hibernate-validator/8.0.0.Final/hibernate-validator-8.0.0.Final.jar:/Users/tdoy/.m2/repository/jakarta/validation/jakarta.validation-api/3.0.2/jakarta.validation-api-3.0.2.jar:/Users/tdoy/.m2/repository/io/rest-assured/rest-assured/5.3.0/rest-assured-5.3.0.jar:/Users/tdoy/.m2/repository/org/apache/groovy/groovy/4.0.12/groovy-4.0.12.jar:/Users/tdoy/.m2/repository/org/apache/groovy/groovy-xml/4.0.12/groovy-xml-4.0.12.jar:/Users/tdoy/.m2/repository/org/apache/httpcomponents/httpclient/4.5.13/httpclient-4.5.13.jar:/Users/tdoy/.m2/repository/org/apache/httpcomponents/httpcore/4.4.16/httpcore-4.4.16.jar:/Users/tdoy/.m2/repository/commons-logging/commons-logging/1.2/commons-logging-1.2.jar:/Users/tdoy/.m2/repository/commons-codec/commons-codec/1.15/commons-codec-1.15.jar:/Users/tdoy/.m2/repository/org/apache/httpcomponents/httpmime/4.5.13/httpmime-4.5.13.jar:/Users/tdoy/.m2/repository/org/ccil/cowan/tagsoup/tagsoup/1.2.1/tagsoup-1.2.1.jar:/Users/tdoy/.m2/repository/io/rest-assured/json-path/5.3.0/json-path-5.3.0.jar:/Users/tdoy/.m2/repository/org/apache/groovy/groovy-json/4.0.12/groovy-json-4.0.12.jar:/Users/tdoy/.m2/repository/io/rest-assured/rest-assured-common/5.3.0/rest-assured-common-5.3.0.jar:/Users/tdoy/.m2/repository/io/rest-assured/xml-path/5.3.0/xml-path-5.3.0.jar:/Users/tdoy/.m2/repository/org/apache/commons/commons-lang3/3.12.0/commons-lang3-3.12.0.jar:"/>
    <property name="java.vm.vendor" value="Oracle Corporation"/>
    <property name="sun.arch.data.model" value="64"/>
    <property name="catalina.useNaming" value="false"/>
    <property name="java.vendor.url" value="https://java.oracle.com/"/>
    <property name="user.timezone" value="Europe/Oslo"/>
    <property name="org.jboss.logging.provider" value="slf4j"/>
    <property name="os.name" value="Mac OS X"/>
    <property name="java.vm.specification.version" value="17"/>
    <property name="sun.java.launcher" value="SUN_STANDARD"/>
    <property name="user.country" value="NO"/>
    <property name="sun.boot.library.path" value="/Library/Java/JavaVirtualMachines/jdk-17.jdk/Contents/Home/lib"/>
    <property name="sun.java.command" value="/Users/tdoy/eclipse-workspace-jee-202308/library-spring-ws-rest-security/target/surefire/surefirebooter-20231002130309831_3.jar /Users/tdoy/eclipse-workspace-jee-202308/library-spring-ws-rest-security/target/surefire 2023-10-02T13-03-09_730-jvmRun1 surefire-20231002130309831_1tmp surefire_0-20231002130309831_2tmp"/>
    <property name="http.nonProxyHosts" value="local|*.local|169.254/16|*.169.254/16"/>
    <property name="jdk.debug" value="release"/>
    <property name="surefire.test.class.path" value="/Users/tdoy/eclipse-workspace-jee-202308/library-spring-ws-rest-security/target/test-classes:/Users/tdoy/eclipse-workspace-jee-202308/library-spring-ws-rest-security/target/classes:/Users/tdoy/.m2/repository/org/springframework/boot/spring-boot-starter-web/3.1.0/spring-boot-starter-web-3.1.0.jar:/Users/tdoy/.m2/repository/org/springframework/boot/spring-boot-starter/3.1.0/spring-boot-starter-3.1.0.jar:/Users/tdoy/.m2/repository/org/springframework/boot/spring-boot/3.1.0/spring-boot-3.1.0.jar:/Users/tdoy/.m2/repository/org/springframework/boot/spring-boot-autoconfigure/3.1.0/spring-boot-autoconfigure-3.1.0.jar:/Users/tdoy/.m2/repository/org/springframework/boot/spring-boot-starter-logging/3.1.0/spring-boot-starter-logging-3.1.0.jar:/Users/tdoy/.m2/repository/ch/qos/logback/logback-classic/1.4.7/logback-classic-1.4.7.jar:/Users/tdoy/.m2/repository/ch/qos/logback/logback-core/1.4.7/logback-core-1.4.7.jar:/Users/tdoy/.m2/repository/org/apache/logging/log4j/log4j-to-slf4j/2.20.0/log4j-to-slf4j-2.20.0.jar:/Users/tdoy/.m2/repository/org/apache/logging/log4j/log4j-api/2.20.0/log4j-api-2.20.0.jar:/Users/tdoy/.m2/repository/org/slf4j/jul-to-slf4j/2.0.7/jul-to-slf4j-2.0.7.jar:/Users/tdoy/.m2/repository/jakarta/annotation/jakarta.annotation-api/2.1.1/jakarta.annotation-api-2.1.1.jar:/Users/tdoy/.m2/repository/org/yaml/snakeyaml/1.33/snakeyaml-1.33.jar:/Users/tdoy/.m2/repository/org/springframework/boot/spring-boot-starter-json/3.1.0/spring-boot-starter-json-3.1.0.jar:/Users/tdoy/.m2/repository/com/fasterxml/jackson/datatype/jackson-datatype-jdk8/2.15.0/jackson-datatype-jdk8-2.15.0.jar:/Users/tdoy/.m2/repository/com/fasterxml/jackson/datatype/jackson-datatype-jsr310/2.15.0/jackson-datatype-jsr310-2.15.0.jar:/Users/tdoy/.m2/repository/com/fasterxml/jackson/module/jackson-module-parameter-names/2.15.0/jackson-module-parameter-names-2.15.0.jar:/Users/tdoy/.m2/repository/org/springframework/boot/spring-boot-starter-tomcat/3.1.0/spring-boot-starter-tomcat-3.1.0.jar:/Users/tdoy/.m2/repository/org/apache/tomcat/embed/tomcat-embed-core/10.1.8/tomcat-embed-core-10.1.8.jar:/Users/tdoy/.m2/repository/org/apache/tomcat/embed/tomcat-embed-websocket/10.1.8/tomcat-embed-websocket-10.1.8.jar:/Users/tdoy/.m2/repository/org/springframework/spring-web/6.0.9/spring-web-6.0.9.jar:/Users/tdoy/.m2/repository/org/springframework/spring-beans/6.0.9/spring-beans-6.0.9.jar:/Users/tdoy/.m2/repository/io/micrometer/micrometer-observation/1.11.0/micrometer-observation-1.11.0.jar:/Users/tdoy/.m2/repository/io/micrometer/micrometer-commons/1.11.0/micrometer-commons-1.11.0.jar:/Users/tdoy/.m2/repository/org/springframework/spring-webmvc/6.0.9/spring-webmvc-6.0.9.jar:/Users/tdoy/.m2/repository/org/springframework/spring-context/6.0.9/spring-context-6.0.9.jar:/Users/tdoy/.m2/repository/org/springframework/spring-expression/6.0.9/spring-expression-6.0.9.jar:/Users/tdoy/.m2/repository/org/springframework/boot/spring-boot-starter-data-jpa/3.1.0/spring-boot-starter-data-jpa-3.1.0.jar:/Users/tdoy/.m2/repository/org/springframework/boot/spring-boot-starter-aop/3.1.0/spring-boot-starter-aop-3.1.0.jar:/Users/tdoy/.m2/repository/org/aspectj/aspectjweaver/1.9.19/aspectjweaver-1.9.19.jar:/Users/tdoy/.m2/repository/org/springframework/boot/spring-boot-starter-jdbc/3.1.0/spring-boot-starter-jdbc-3.1.0.jar:/Users/tdoy/.m2/repository/com/zaxxer/HikariCP/5.0.1/HikariCP-5.0.1.jar:/Users/tdoy/.m2/repository/org/springframework/spring-jdbc/6.0.9/spring-jdbc-6.0.9.jar:/Users/tdoy/.m2/repository/org/hibernate/orm/hibernate-core/6.2.2.Final/hibernate-core-6.2.2.Final.jar:/Users/tdoy/.m2/repository/jakarta/persistence/jakarta.persistence-api/3.1.0/jakarta.persistence-api-3.1.0.jar:/Users/tdoy/.m2/repository/jakarta/transaction/jakarta.transaction-api/2.0.1/jakarta.transaction-api-2.0.1.jar:/Users/tdoy/.m2/repository/org/jboss/logging/jboss-logging/3.5.0.Final/jboss-logging-3.5.0.Final.jar:/Users/tdoy/.m2/repository/org/hibernate/common/hibernate-commons-annotations/6.0.6.Final/hibernate-commons-annotations-6.0.6.Final.jar:/Users/tdoy/.m2/repository/io/smallrye/jandex/3.0.5/jandex-3.0.5.jar:/Users/tdoy/.m2/repository/com/fasterxml/classmate/1.5.1/classmate-1.5.1.jar:/Users/tdoy/.m2/repository/net/bytebuddy/byte-buddy/1.14.4/byte-buddy-1.14.4.jar:/Users/tdoy/.m2/repository/org/glassfish/jaxb/jaxb-runtime/4.0.2/jaxb-runtime-4.0.2.jar:/Users/tdoy/.m2/repository/org/glassfish/jaxb/jaxb-core/4.0.2/jaxb-core-4.0.2.jar:/Users/tdoy/.m2/repository/org/eclipse/angus/angus-activation/2.0.0/angus-activation-2.0.0.jar:/Users/tdoy/.m2/repository/org/glassfish/jaxb/txw2/4.0.2/txw2-4.0.2.jar:/Users/tdoy/.m2/repository/com/sun/istack/istack-commons-runtime/4.1.1/istack-commons-runtime-4.1.1.jar:/Users/tdoy/.m2/repository/jakarta/inject/jakarta.inject-api/2.0.1/jakarta.inject-api-2.0.1.jar:/Users/tdoy/.m2/repository/org/antlr/antlr4-runtime/4.10.1/antlr4-runtime-4.10.1.jar:/Users/tdoy/.m2/repository/org/springframework/data/spring-data-jpa/3.1.0/spring-data-jpa-3.1.0.jar:/Users/tdoy/.m2/repository/org/springframework/data/spring-data-commons/3.1.0/spring-data-commons-3.1.0.jar:/Users/tdoy/.m2/repository/org/springframework/spring-orm/6.0.9/spring-orm-6.0.9.jar:/Users/tdoy/.m2/repository/org/springframework/spring-tx/6.0.9/spring-tx-6.0.9.jar:/Users/tdoy/.m2/repository/org/slf4j/slf4j-api/2.0.7/slf4j-api-2.0.7.jar:/Users/tdoy/.m2/repository/org/springframework/spring-aspects/6.0.9/spring-aspects-6.0.9.jar:/Users/tdoy/.m2/repository/org/springframework/boot/spring-boot-starter-security/3.1.0/spring-boot-starter-security-3.1.0.jar:/Users/tdoy/.m2/repository/org/springframework/spring-aop/6.0.9/spring-aop-6.0.9.jar:/Users/tdoy/.m2/repository/org/springframework/security/spring-security-config/6.1.0/spring-security-config-6.1.0.jar:/Users/tdoy/.m2/repository/org/springframework/security/spring-security-core/6.1.0/spring-security-core-6.1.0.jar:/Users/tdoy/.m2/repository/org/springframework/security/spring-security-crypto/6.1.0/spring-security-crypto-6.1.0.jar:/Users/tdoy/.m2/repository/org/springframework/security/spring-security-web/6.1.0/spring-security-web-6.1.0.jar:/Users/tdoy/.m2/repository/com/h2database/h2/2.1.214/h2-2.1.214.jar:/Users/tdoy/.m2/repository/org/springframework/boot/spring-boot-starter-test/3.1.0/spring-boot-starter-test-3.1.0.jar:/Users/tdoy/.m2/repository/org/springframework/boot/spring-boot-test/3.1.0/spring-boot-test-3.1.0.jar:/Users/tdoy/.m2/repository/org/springframework/boot/spring-boot-test-autoconfigure/3.1.0/spring-boot-test-autoconfigure-3.1.0.jar:/Users/tdoy/.m2/repository/com/jayway/jsonpath/json-path/2.8.0/json-path-2.8.0.jar:/Users/tdoy/.m2/repository/jakarta/xml/bind/jakarta.xml.bind-api/4.0.0/jakarta.xml.bind-api-4.0.0.jar:/Users/tdoy/.m2/repository/jakarta/activation/jakarta.activation-api/2.1.2/jakarta.activation-api-2.1.2.jar:/Users/tdoy/.m2/repository/net/minidev/json-smart/2.4.10/json-smart-2.4.10.jar:/Users/tdoy/.m2/repository/net/minidev/accessors-smart/2.4.9/accessors-smart-2.4.9.jar:/Users/tdoy/.m2/repository/org/ow2/asm/asm/9.3/asm-9.3.jar:/Users/tdoy/.m2/repository/org/assertj/assertj-core/3.24.2/assertj-core-3.24.2.jar:/Users/tdoy/.m2/repository/org/hamcrest/hamcrest/2.2/hamcrest-2.2.jar:/Users/tdoy/.m2/repository/org/junit/jupiter/junit-jupiter/5.9.3/junit-jupiter-5.9.3.jar:/Users/tdoy/.m2/repository/org/junit/jupiter/junit-jupiter-api/5.9.3/junit-jupiter-api-5.9.3.jar:/Users/tdoy/.m2/repository/org/opentest4j/opentest4j/1.2.0/opentest4j-1.2.0.jar:/Users/tdoy/.m2/repository/org/junit/platform/junit-platform-commons/1.9.3/junit-platform-commons-1.9.3.jar:/Users/tdoy/.m2/repository/org/apiguardian/apiguardian-api/1.1.2/apiguardian-api-1.1.2.jar:/Users/tdoy/.m2/repository/org/junit/jupiter/junit-jupiter-params/5.9.3/junit-jupiter-params-5.9.3.jar:/Users/tdoy/.m2/repository/org/junit/jupiter/junit-jupiter-engine/5.9.3/junit-jupiter-engine-5.9.3.jar:/Users/tdoy/.m2/repository/org/junit/platform/junit-platform-engine/1.9.3/junit-platform-engine-1.9.3.jar:/Users/tdoy/.m2/repository/org/mockito/mockito-core/5.3.1/mockito-core-5.3.1.jar:/Users/tdoy/.m2/repository/net/bytebuddy/byte-buddy-agent/1.14.4/byte-buddy-agent-1.14.4.jar:/Users/tdoy/.m2/repository/org/objenesis/objenesis/3.3/objenesis-3.3.jar:/Users/tdoy/.m2/repository/org/mockito/mockito-junit-jupiter/5.3.1/mockito-junit-jupiter-5.3.1.jar:/Users/tdoy/.m2/repository/org/skyscreamer/jsonassert/1.5.1/jsonassert-1.5.1.jar:/Users/tdoy/.m2/repository/com/vaadin/external/google/android-json/0.0.20131108.vaadin1/android-json-0.0.20131108.vaadin1.jar:/Users/tdoy/.m2/repository/org/springframework/spring-core/6.0.9/spring-core-6.0.9.jar:/Users/tdoy/.m2/repository/org/springframework/spring-jcl/6.0.9/spring-jcl-6.0.9.jar:/Users/tdoy/.m2/repository/org/springframework/spring-test/6.0.9/spring-test-6.0.9.jar:/Users/tdoy/.m2/repository/org/xmlunit/xmlunit-core/2.9.1/xmlunit-core-2.9.1.jar:/Users/tdoy/.m2/repository/org/springframework/boot/spring-boot-starter-hateoas/3.1.0/spring-boot-starter-hateoas-3.1.0.jar:/Users/tdoy/.m2/repository/org/springframework/hateoas/spring-hateoas/2.1.0/spring-hateoas-2.1.0.jar:/Users/tdoy/.m2/repository/org/springframework/plugin/spring-plugin-core/3.0.0/spring-plugin-core-3.0.0.jar:/Users/tdoy/.m2/repository/io/jsonwebtoken/jjwt-api/0.11.5/jjwt-api-0.11.5.jar:/Users/tdoy/.m2/repository/io/jsonwebtoken/jjwt-impl/0.11.5/jjwt-impl-0.11.5.jar:/Users/tdoy/.m2/repository/io/jsonwebtoken/jjwt-jackson/0.11.5/jjwt-jackson-0.11.5.jar:/Users/tdoy/.m2/repository/com/fasterxml/jackson/core/jackson-databind/2.15.0/jackson-databind-2.15.0.jar:/Users/tdoy/.m2/repository/com/fasterxml/jackson/core/jackson-annotations/2.15.0/jackson-annotations-2.15.0.jar:/Users/tdoy/.m2/repository/com/fasterxml/jackson/core/jackson-core/2.15.0/jackson-core-2.15.0.jar:/Users/tdoy/.m2/repository/org/springframework/boot/spring-boot-starter-validation/3.1.0/spring-boot-starter-validation-3.1.0.jar:/Users/tdoy/.m2/repository/org/apache/tomcat/embed/tomcat-embed-el/10.1.8/tomcat-embed-el-10.1.8.jar:/Users/tdoy/.m2/repository/org/hibernate/validator/hibernate-validator/8.0.0.Final/hibernate-validator-8.0.0.Final.jar:/Users/tdoy/.m2/repository/jakarta/validation/jakarta.validation-api/3.0.2/jakarta.validation-api-3.0.2.jar:/Users/tdoy/.m2/repository/io/rest-assured/rest-assured/5.3.0/rest-assured-5.3.0.jar:/Users/tdoy/.m2/repository/org/apache/groovy/groovy/4.0.12/groovy-4.0.12.jar:/Users/tdoy/.m2/repository/org/apache/groovy/groovy-xml/4.0.12/groovy-xml-4.0.12.jar:/Users/tdoy/.m2/repository/org/apache/httpcomponents/httpclient/4.5.13/httpclient-4.5.13.jar:/Users/tdoy/.m2/repository/org/apache/httpcomponents/httpcore/4.4.16/httpcore-4.4.16.jar:/Users/tdoy/.m2/repository/commons-logging/commons-logging/1.2/commons-logging-1.2.jar:/Users/tdoy/.m2/repository/commons-codec/commons-codec/1.15/commons-codec-1.15.jar:/Users/tdoy/.m2/repository/org/apache/httpcomponents/httpmime/4.5.13/httpmime-4.5.13.jar:/Users/tdoy/.m2/repository/org/ccil/cowan/tagsoup/tagsoup/1.2.1/tagsoup-1.2.1.jar:/Users/tdoy/.m2/repository/io/rest-assured/json-path/5.3.0/json-path-5.3.0.jar:/Users/tdoy/.m2/repository/org/apache/groovy/groovy-json/4.0.12/groovy-json-4.0.12.jar:/Users/tdoy/.m2/repository/io/rest-assured/rest-assured-common/5.3.0/rest-assured-common-5.3.0.jar:/Users/tdoy/.m2/repository/io/rest-assured/xml-path/5.3.0/xml-path-5.3.0.jar:/Users/tdoy/.m2/repository/org/apache/commons/commons-lang3/3.12.0/commons-lang3-3.12.0.jar:"/>
    <property name="test" value="TestOrder"/>
    <property name="sun.cpu.endian" value="little"/>
    <property name="user.home" value="/Users/tdoy"/>
    <property name="user.language" value="en"/>
    <property name="java.specification.vendor" value="Oracle Corporation"/>
    <property name="java.version.date" value="2023-07-18"/>
    <property name="java.home" value="/Library/Java/JavaVirtualMachines/jdk-17.jdk/Contents/Home"/>
    <property name="file.separator" value="/"/>
    <property name="basedir" value="/Users/tdoy/eclipse-workspace-jee-202308/library-spring-ws-rest-security"/>
    <property name="java.vm.compressedOopsMode" value="Zero based"/>
    <property name="line.separator" value="&#10;"/>
    <property name="java.vm.specification.vendor" value="Oracle Corporation"/>
    <property name="java.specification.name" value="Java Platform API Specification"/>
    <property name="FILE_LOG_CHARSET" value="UTF-8"/>
    <property name="java.awt.headless" value="true"/>
    <property name="surefire.real.class.path" value="/Users/tdoy/eclipse-workspace-jee-202308/library-spring-ws-rest-security/target/surefire/surefirebooter-20231002130309831_3.jar"/>
    <property name="sun.management.compiler" value="HotSpot 64-Bit Tiered Compilers"/>
    <property name="ftp.nonProxyHosts" value="local|*.local|169.254/16|*.169.254/16"/>
    <property name="java.runtime.version" value="17.0.8+9-LTS-211"/>
    <property name="user.name" value="tdoy"/>
    <property name="path.separator" value=":"/>
    <property name="os.version" value="13.1"/>
    <property name="java.runtime.name" value="Java(TM) SE Runtime Environment"/>
    <property name="file.encoding" value="UTF-8"/>
    <property name="java.vm.name" value="Java HotSpot(TM) 64-Bit Server VM"/>
    <property name="localRepository" value="/Users/tdoy/.m2/repository"/>
    <property name="java.vendor.url.bug" value="https://bugreport.java.com/bugreport/"/>
    <property name="java.io.tmpdir" value="/var/folders/v7/bdh7zfcn0xd9ml96c6bdk9lr0000gn/T/"/>
    <property name="catalina.home" value="/private/var/folders/v7/bdh7zfcn0xd9ml96c6bdk9lr0000gn/T/tomcat.8090.9438538289758595434"/>
    <property name="com.zaxxer.hikari.pool_number" value="1"/>
    <property name="java.version" value="17.0.8"/>
    <property name="user.dir" value="/Users/tdoy/eclipse-workspace-jee-202308/library-spring-ws-rest-security"/>
    <property name="os.arch" value="x86_64"/>
    <property name="java.vm.specification.name" value="Java Virtual Machine Specification"/>
    <property name="PID" value="88577"/>
    <property name="CONSOLE_LOG_CHARSET" value="UTF-8"/>
    <property name="catalina.base" value="/private/var/folders/v7/bdh7zfcn0xd9ml96c6bdk9lr0000gn/T/tomcat.8090.9438538289758595434"/>
    <property name="native.encoding" value="UTF-8"/>
    <property name="java.library.path" value="/Users/tdoy/Library/Java/Extensions:/Library/Java/Extensions:/Network/Library/Java/Extensions:/System/Library/Java/Extensions:/usr/lib/java:."/>
    <property name="java.vm.info" value="mixed mode, sharing"/>
    <property name="java.vendor" value="Oracle Corporation"/>
    <property name="java.vm.version" value="17.0.8+9-LTS-211"/>
    <property name="sun.io.unicode.encoding" value="UnicodeBig"/>
    <property name="socksNonProxyHosts" value="local|*.local|169.254/16|*.169.254/16"/>
    <property name="java.class.version" value="61.0"/>
  </properties>
  <testcase name="deleteOrderById_thenOK" classname="no.hvl.dat152.rest.ws.main.test.TestOrder" time="1.68">
    <system-out><![CDATA[13:03:10.709 [main] INFO org.springframework.test.context.support.AnnotationConfigContextLoaderUtils -- Could not detect default configuration classes for test class [no.hvl.dat152.rest.ws.main.test.TestOrder]: TestOrder does not declare any static, non-private, non-final, nested classes annotated with @Configuration.
13:03:10.842 [main] INFO org.springframework.boot.test.context.SpringBootTestContextBootstrapper -- Found @SpringBootConfiguration no.hvl.dat152.rest.ws.main.LibraryApplication for test class no.hvl.dat152.rest.ws.main.test.TestOrder

  .   ____          _            __ _ _
 /\\ / ___'_ __ _ _(_)_ __  __ _ \ \ \ \
( ( )\___ | '_ | '_| | '_ \/ _` | \ \ \ \
 \\/  ___)| |_)| | | | | || (_| |  ) ) ) )
  '  |____| .__|_| |_|_| |_\__, | / / / /
 =========|_|==============|___/=/_/_/_/
 :: Spring Boot ::                (v3.1.0)

2023-10-02T13:03:11.269+02:00  INFO 88577 --- [           main] n.h.dat152.rest.ws.main.test.TestOrder   : Starting TestOrder using Java 17.0.8 with PID 88577 (started by tdoy in /Users/tdoy/eclipse-workspace-jee-202308/library-spring-ws-rest-security)
2023-10-02T13:03:11.270+02:00  INFO 88577 --- [           main] n.h.dat152.rest.ws.main.test.TestOrder   : No active profile set, falling back to 1 default profile: "default"
2023-10-02T13:03:12.121+02:00  INFO 88577 --- [           main] .s.d.r.c.RepositoryConfigurationDelegate : Bootstrapping Spring Data JPA repositories in DEFAULT mode.
2023-10-02T13:03:12.163+02:00  INFO 88577 --- [           main] .s.d.r.c.RepositoryConfigurationDelegate : Finished Spring Data repository scanning in 36 ms. Found 5 JPA repository interfaces.
2023-10-02T13:03:13.056+02:00  INFO 88577 --- [           main] o.s.b.w.embedded.tomcat.TomcatWebServer  : Tomcat initialized with port(s): 8090 (http)
2023-10-02T13:03:13.066+02:00  INFO 88577 --- [           main] o.apache.catalina.core.StandardService   : Starting service [Tomcat]
2023-10-02T13:03:13.066+02:00  INFO 88577 --- [           main] o.apache.catalina.core.StandardEngine    : Starting Servlet engine: [Apache Tomcat/10.1.8]
2023-10-02T13:03:13.186+02:00  INFO 88577 --- [           main] o.a.c.c.C.[Tomcat].[localhost].[/]       : Initializing Spring embedded WebApplicationContext
2023-10-02T13:03:13.188+02:00  INFO 88577 --- [           main] w.s.c.ServletWebServerApplicationContext : Root WebApplicationContext: initialization completed in 1585 ms
2023-10-02T13:03:13.233+02:00  INFO 88577 --- [           main] com.zaxxer.hikari.HikariDataSource       : HikariPool-1 - Starting...
2023-10-02T13:03:13.418+02:00  INFO 88577 --- [           main] com.zaxxer.hikari.pool.HikariPool        : HikariPool-1 - Added connection conn0: url=jdbc:h2:mem:librarydb user=SA
2023-10-02T13:03:13.421+02:00  INFO 88577 --- [           main] com.zaxxer.hikari.HikariDataSource       : HikariPool-1 - Start completed.
2023-10-02T13:03:13.434+02:00  INFO 88577 --- [           main] o.s.b.a.h2.H2ConsoleAutoConfiguration    : H2 console available at '/h2-console'. Database available at 'jdbc:h2:mem:librarydb'
2023-10-02T13:03:13.590+02:00  INFO 88577 --- [           main] o.hibernate.jpa.internal.util.LogHelper  : HHH000204: Processing PersistenceUnitInfo [name: default]
2023-10-02T13:03:13.655+02:00  INFO 88577 --- [           main] org.hibernate.Version                    : HHH000412: Hibernate ORM core version 6.2.2.Final
2023-10-02T13:03:13.658+02:00  INFO 88577 --- [           main] org.hibernate.cfg.Environment            : HHH000406: Using bytecode reflection optimizer
2023-10-02T13:03:13.809+02:00  INFO 88577 --- [           main] o.h.b.i.BytecodeProviderInitiator        : HHH000021: Bytecode provider name : bytebuddy
2023-10-02T13:03:13.941+02:00  INFO 88577 --- [           main] o.s.o.j.p.SpringPersistenceUnitInfo      : No LoadTimeWeaver setup: ignoring JPA class transformer
2023-10-02T13:03:13.983+02:00  INFO 88577 --- [           main] org.hibernate.orm.dialect                : HHH035001: Using dialect: org.hibernate.dialect.H2Dialect, version: 2.1.214
2023-10-02T13:03:14.329+02:00  INFO 88577 --- [           main] o.h.b.i.BytecodeProviderInitiator        : HHH000021: Bytecode provider name : bytebuddy
2023-10-02T13:03:15.234+02:00  INFO 88577 --- [           main] o.h.e.t.j.p.i.JtaPlatformInitiator       : HHH000490: Using JtaPlatform implementation: [org.hibernate.engine.transaction.jta.platform.internal.NoJtaPlatform]
Hibernate: create table author (author_id integer not null, firstname varchar(255) not null, lastname varchar(255) not null, primary key (author_id))
Hibernate: create table book (id bigint not null, isbn varchar(255) not null, title varchar(255) not null, primary key (id))
Hibernate: create table book_author (fk_book bigint not null, fk_author integer not null, primary key (fk_book, fk_author))
Hibernate: create table orders (id bigint not null, expiry date not null, isbn varchar(255) not null, user_id bigint, user_email varchar(255), primary key (id))
Hibernate: create table roles (id integer generated by default as identity, name varchar(30) not null, primary key (id))
Hibernate: create table user_roles (user_id bigint not null, role_id integer not null, primary key (user_id, role_id))
Hibernate: create table users (userid bigint not null, email varchar(50) not null, firstname varchar(255) not null, lastname varchar(255) not null, password varchar(64) not null, primary key (userid))
Hibernate: alter table if exists book drop constraint if exists UK_ehpdfjpu1jm3hijhj4mm0hx9h
Hibernate: alter table if exists book add constraint UK_ehpdfjpu1jm3hijhj4mm0hx9h unique (isbn)
Hibernate: alter table if exists orders drop constraint if exists UK_awjw8b4vho2hf63eg5wynp3aw
Hibernate: alter table if exists orders add constraint UK_awjw8b4vho2hf63eg5wynp3aw unique (isbn)
Hibernate: alter table if exists roles drop constraint if exists UK_ofx66keruapi6vyqpv6f2or37
Hibernate: alter table if exists roles add constraint UK_ofx66keruapi6vyqpv6f2or37 unique (name)
Hibernate: alter table if exists users drop constraint if exists UK_2qd9x13wn4c1vtm3gs5ejf4fc
Hibernate: alter table if exists users add constraint UK_2qd9x13wn4c1vtm3gs5ejf4fc unique (email, userid)
Hibernate: alter table if exists users drop constraint if exists UK_6dotkott2kjsp8vw4d0m25fb7
Hibernate: alter table if exists users add constraint UK_6dotkott2kjsp8vw4d0m25fb7 unique (email)
Hibernate: create sequence author_seq start with 1 increment by 50
Hibernate: create sequence book_seq start with 1 increment by 50
Hibernate: create sequence orders_seq start with 1 increment by 50
Hibernate: create sequence users_seq start with 1 increment by 50
Hibernate: alter table if exists book_author add constraint FK2xwe4e9xvkh69tcsbktc9qa1f foreign key (fk_author) references author
Hibernate: alter table if exists book_author add constraint FK1fnhtttsxrymu4vnhpy7jxc9f foreign key (fk_book) references book
Hibernate: alter table if exists user_roles add constraint FKh8ciramu9cc9q3qcqiv4ue8a6 foreign key (role_id) references roles
Hibernate: alter table if exists user_roles add constraint FKhfh9dx7w3ubf1co1vdev94g3f foreign key (user_id) references users
2023-10-02T13:03:15.310+02:00  INFO 88577 --- [           main] j.LocalContainerEntityManagerFactoryBean : Initialized JPA EntityManagerFactory for persistence unit 'default'
2023-10-02T13:03:15.742+02:00  INFO 88577 --- [           main] o.s.d.j.r.query.QueryEnhancerFactory     : Hibernate is in classpath; If applicable, HQL parser will be used.
2023-10-02T13:03:16.225+02:00  WARN 88577 --- [           main] JpaBaseConfiguration$JpaWebConfiguration : spring.jpa.open-in-view is enabled by default. Therefore, database queries may be performed during view rendering. Explicitly configure spring.jpa.open-in-view to disable this warning
2023-10-02T13:03:16.579+02:00  INFO 88577 --- [           main] o.s.s.web.DefaultSecurityFilterChain     : Will secure any request with [org.springframework.security.web.session.DisableEncodeUrlFilter@5d6de24e, org.springframework.security.web.context.request.async.WebAsyncManagerIntegrationFilter@3acd06b0, org.springframework.security.web.context.SecurityContextHolderFilter@659f5f32, org.springframework.security.web.header.HeaderWriterFilter@747795d7, org.springframework.security.web.authentication.logout.LogoutFilter@6eec092, no.hvl.dat152.rest.ws.security.AuthTokenFilter@2279e7c7, org.springframework.security.web.savedrequest.RequestCacheAwareFilter@3e0575a2, org.springframework.security.web.servletapi.SecurityContextHolderAwareRequestFilter@65589d76, org.springframework.security.web.authentication.AnonymousAuthenticationFilter@796eeafb, org.springframework.security.web.session.SessionManagementFilter@71669835, org.springframework.security.web.access.ExceptionTranslationFilter@73c5b676, org.springframework.security.web.access.intercept.AuthorizationFilter@4044f07b]
2023-10-02T13:03:16.880+02:00  INFO 88577 --- [           main] o.s.b.w.embedded.tomcat.TomcatWebServer  : Tomcat started on port(s): 8090 (http) with context path ''
2023-10-02T13:03:16.888+02:00  INFO 88577 --- [           main] n.h.dat152.rest.ws.main.test.TestOrder   : Started TestOrder in 5.897 seconds (process running for 6.961)
Hibernate: select next value for author_seq
Hibernate: select next value for author_seq
Hibernate: insert into author (firstname,lastname,author_id) values (?,?,?)
Hibernate: insert into author (firstname,lastname,author_id) values (?,?,?)
Hibernate: insert into author (firstname,lastname,author_id) values (?,?,?)
Hibernate: insert into author (firstname,lastname,author_id) values (?,?,?)
Hibernate: insert into author (firstname,lastname,author_id) values (?,?,?)
Hibernate: select a1_0.author_id,a1_0.firstname,a1_0.lastname from author a1_0 where a1_0.author_id=?
Hibernate: select a1_0.author_id,a1_0.firstname,a1_0.lastname from author a1_0 where a1_0.author_id=?
Hibernate: select next value for book_seq
Hibernate: select next value for book_seq
Hibernate: insert into book (isbn,title,id) values (?,?,?)
Hibernate: insert into book (isbn,title,id) values (?,?,?)
Hibernate: insert into book (isbn,title,id) values (?,?,?)
Hibernate: insert into book_author (fk_book,fk_author) values (?,?)
Hibernate: insert into book_author (fk_book,fk_author) values (?,?)
Hibernate: insert into book_author (fk_book,fk_author) values (?,?)
Hibernate: insert into book_author (fk_book,fk_author) values (?,?)
Hibernate: insert into roles (name,id) values (?,default)
Hibernate: insert into roles (name,id) values (?,default)
Hibernate: insert into roles (name,id) values (?,default)
Hibernate: select r1_0.id,r1_0.name from roles r1_0 where r1_0.id=?
User = Robert Role = USER
Hibernate: select r1_0.id,r1_0.name from roles r1_0 where r1_0.id=?
Hibernate: select r1_0.id,r1_0.name from roles r1_0 where r1_0.id=?
User = Kristin Role = ADMIN, USER
Hibernate: select r1_0.id,r1_0.name from roles r1_0 where r1_0.id=?
Hibernate: select r1_0.id,r1_0.name from roles r1_0 where r1_0.id=?
Hibernate: select r1_0.id,r1_0.name from roles r1_0 where r1_0.id=?
User = Berit Role = SUPER_ADMIN, ADMIN, USER
Hibernate: select next value for users_seq
Hibernate: select next value for orders_seq
Hibernate: select next value for users_seq
Hibernate: select next value for orders_seq
Hibernate: insert into users (email,firstname,lastname,password,userid) values (?,?,?,?,?)
Hibernate: insert into orders (expiry,isbn,id) values (?,?,?)
Hibernate: insert into users (email,firstname,lastname,password,userid) values (?,?,?,?,?)
Hibernate: insert into orders (expiry,isbn,id) values (?,?,?)
Hibernate: insert into users (email,firstname,lastname,password,userid) values (?,?,?,?,?)
Hibernate: update orders set user_email=?,user_id=? where id=?
Hibernate: insert into user_roles (user_id,role_id) values (?,?)
Hibernate: update orders set user_email=?,user_id=? where id=?
Hibernate: insert into user_roles (user_id,role_id) values (?,?)
Hibernate: insert into user_roles (user_id,role_id) values (?,?)
Hibernate: insert into user_roles (user_id,role_id) values (?,?)
Hibernate: insert into user_roles (user_id,role_id) values (?,?)
Hibernate: insert into user_roles (user_id,role_id) values (?,?)
2023-10-02T13:03:18.728+02:00  INFO 88577 --- [nio-8090-exec-1] o.a.c.c.C.[Tomcat].[localhost].[/]       : Initializing Spring DispatcherServlet 'dispatcherServlet'
2023-10-02T13:03:18.729+02:00  INFO 88577 --- [nio-8090-exec-1] o.s.web.servlet.DispatcherServlet        : Initializing Servlet 'dispatcherServlet'
2023-10-02T13:03:18.730+02:00  INFO 88577 --- [nio-8090-exec-1] o.s.web.servlet.DispatcherServlet        : Completed initialization in 1 ms
Hibernate: select r1_0.id,r1_0.name from roles r1_0 where r1_0.name=?
Hibernate: select r1_0.id,r1_0.name from roles r1_0 where r1_0.name=?
Hibernate: select r1_0.id,r1_0.name from roles r1_0 where r1_0.name=?
Hibernate: select o1_0.id,o1_0.expiry,o1_0.isbn from orders o1_0 where o1_0.id=?
Hibernate: delete from orders where id=?
Hibernate: select r1_0.id,r1_0.name from roles r1_0 where r1_0.name=?
Hibernate: select r1_0.id,r1_0.name from roles r1_0 where r1_0.name=?
Hibernate: select r1_0.id,r1_0.name from roles r1_0 where r1_0.name=?
Hibernate: select o1_0.id,o1_0.expiry,o1_0.isbn from orders o1_0 where o1_0.id=?
]]></system-out>
  </testcase>
  <testcase name="getAllOrders_thenOK" classname="no.hvl.dat152.rest.ws.main.test.TestOrder" time="0.622">
    <system-out><![CDATA[Hibernate: select r1_0.id,r1_0.name from roles r1_0 where r1_0.name=?
Hibernate: select r1_0.id,r1_0.name from roles r1_0 where r1_0.name=?
Hibernate: select r1_0.id,r1_0.name from roles r1_0 where r1_0.name=?
Hibernate: select o1_0.id,o1_0.expiry,o1_0.isbn from orders o1_0
]]></system-out>
  </testcase>
  <testcase name="updateOrder_thenOK" classname="no.hvl.dat152.rest.ws.main.test.TestOrder" time="0.28">
    <system-out><![CDATA[Hibernate: select r1_0.id,r1_0.name from roles r1_0 where r1_0.name=?
Hibernate: select r1_0.id,r1_0.name from roles r1_0 where r1_0.name=?
Hibernate: select r1_0.id,r1_0.name from roles r1_0 where r1_0.name=?
Hibernate: select o1_0.id,o1_0.expiry,o1_0.isbn from orders o1_0 where o1_0.id=?
Hibernate: update orders set expiry=?,isbn=? where id=?
]]></system-out>
  </testcase>
  <testcase name="getOrderById_thenOK" classname="no.hvl.dat152.rest.ws.main.test.TestOrder" time="0.041">
    <system-out><![CDATA[Hibernate: select r1_0.id,r1_0.name from roles r1_0 where r1_0.name=?
Hibernate: select r1_0.id,r1_0.name from roles r1_0 where r1_0.name=?
Hibernate: select r1_0.id,r1_0.name from roles r1_0 where r1_0.name=?
Hibernate: select o1_0.id,o1_0.expiry,o1_0.isbn from orders o1_0 where o1_0.id=?
]]></system-out>
  </testcase>
</testsuite>